<?xml version="1.0"?><coverage lines-covered="1215" lines-valid="1983" line-rate="0.6127080181543116" branches-covered="0" branches-valid="0" branch-rate="0" complexity="0" version="1.9" timestamp="1723037882"><sources><source>/home/yakuhito/projects/chia-wallet-sdk</source></sources><packages><package name="crates/chia-sdk-test/src" line-rate="0.8" branch-rate="0" complexity="0"><classes><class name="announcements" filename="crates/chia-sdk-test/src/announcements.rs" line-rate="0" branch-rate="0" complexity="0"><methods/><lines><line number="22" hits="0"/><line number="23" hits="0"/><line number="25" hits="0"/><line number="26" hits="0"/><line number="30" hits="0"/><line number="32" hits="0"/><line number="33" hits="0"/><line number="34" hits="0"/><line number="35" hits="0"/><line number="36" hits="0"/><line number="38" hits="0"/><line number="39" hits="0"/><line number="40" hits="0"/><line number="44" hits="0"/><line number="49" hits="0"/><line number="50" hits="0"/><line number="51" hits="0"/><line number="52" hits="0"/><line number="53" hits="0"/><line number="55" hits="0"/><line number="56" hits="0"/><line number="57" hits="0"/><line number="61" hits="0"/><line number="67" hits="0"/><line number="73" hits="0"/><line number="74" hits="0"/><line number="76" hits="0"/><line number="77" hits="0"/><line number="78" hits="0"/><line number="82" hits="0"/><line number="88" hits="0"/><line number="90" hits="0"/><line number="91" hits="0"/><line number="92" hits="0"/><line number="93" hits="0"/><line number="94" hits="0"/><line number="95" hits="0"/><line number="96" hits="0"/><line number="97" hits="0"/><line number="98" hits="0"/><line number="100" hits="0"/><line number="104" hits="0"/></lines></class><class name="events" filename="crates/chia-sdk-test/src/events.rs" line-rate="1" branch-rate="0" complexity="0"><methods/><lines><line number="5" hits="3"/><line number="6" hits="3"/><line number="7" hits="12"/><line number="8" hits="6"/><line number="9" hits="6"/><line number="12" hits="3"/></lines></class><class name="keys" filename="crates/chia-sdk-test/src/keys.rs" line-rate="1" branch-rate="0" complexity="0"><methods/><lines><line number="6" hits="3"/><line number="7" hits="3"/><line number="8" hits="3"/><line number="9" hits="3"/><line number="10" hits="3"/><line number="11" hits="4"/></lines></class><class name="lib" filename="crates/chia-sdk-test/src/lib.rs" line-rate="1" branch-rate="0" complexity="0"><methods/><lines><line number="18" hits="6"/><line number="19" hits="6"/><line number="20" hits="12"/><line number="21" hits="12"/><line number="24" hits="4"/><line number="25" hits="4"/><line number="26" hits="8"/><line number="27" hits="8"/><line number="28" hits="4"/><line number="29" hits="4"/></lines></class><class name="simulator" filename="crates/chia-sdk-test/src/simulator.rs" line-rate="0.9322033898305084" branch-rate="0" complexity="0"><methods/><lines><line number="31" hits="49"/><line number="32" hits="20"/><line number="35" hits="54"/><line number="36" hits="34"/><line number="38" hits="11"/><line number="39" hits="23"/><line number="40" hits="22"/><line number="41" hits="23"/><line number="42" hits="22"/><line number="43" hits="23"/><line number="45" hits="16"/><line number="46" hits="16"/><line number="48" hits="36"/><line number="49" hits="5"/><line number="50" hits="10"/><line number="52" hits="34"/><line number="53" hits="40"/><line number="54" hits="5"/><line number="55" hits="0"/><line number="56" hits="0"/><line number="60" hits="20"/><line number="61" hits="15"/><line number="62" hits="10"/><line number="63" hits="5"/><line number="64" hits="15"/><line number="65" hits="10"/><line number="70" hits="11"/><line number="71" hits="5"/><line number="72" hits="16"/><line number="74" hits="11"/><line number="75" hits="5"/><line number="79" hits="3"/><line number="80" hits="3"/><line number="83" hits="35"/><line number="84" hits="25"/><line number="85" hits="15"/><line number="86" hits="10"/><line number="89" hits="0"/><line number="95" hits="21"/><line number="96" hits="8"/><line number="99" hits="12"/><line number="100" hits="5"/><line number="101" hits="3"/><line number="104" hits="5"/><line number="108" hits="5"/><line number="109" hits="2"/><line number="110" hits="2"/><line number="113" hits="10"/><line number="114" hits="4"/><line number="115" hits="4"/><line number="118" hits="0"/><line number="123" hits="5"/><line number="124" hits="2"/><line number="125" hits="2"/><line number="128" hits="15"/><line number="129" hits="6"/><line number="130" hits="9"/><line number="135" hits="3"/><line number="136" hits="3"/></lines></class><class name="transaction" filename="crates/chia-sdk-test/src/transaction.rs" line-rate="1" branch-rate="0" complexity="0"><methods/><lines><line number="14" hits="3"/><line number="19" hits="3"/><line number="21" hits="6"/><line number="24" hits="6"/><line number="26" hits="6"/><line number="29" hits="3"/><line number="31" hits="3"/><line number="32" hits="9"/><line number="33" hits="6"/><line number="36" hits="3"/><line number="39" hits="2"/><line number="45" hits="4"/><line number="47" hits="8"/><line number="48" hits="2"/><line number="49" hits="8"/><line number="56" hits="2"/><line number="62" hits="8"/><line number="63" hits="8"/><line number="66" hits="4"/><line number="67" hits="2"/></lines></class></classes></package><package name="examples" line-rate="0" branch-rate="0" complexity="0"><classes></classes></package><package name="crates/chia-sdk-offers/src" line-rate="0.47368421052631576" branch-rate="0" complexity="0"><classes><class name="compression" filename="crates/chia-sdk-offers/src/compression.rs" line-rate="0.7" branch-rate="0" complexity="0"><methods/><lines><line number="75" hits="1"/><line number="76" hits="1"/><line number="77" hits="10"/><line number="78" hits="9"/><line number="80" hits="2"/><line number="85" hits="0"/><line number="86" hits="0"/><line number="88" hits="0"/><line number="89" hits="0"/><line number="92" hits="0"/><line number="109" hits="0"/><line number="110" hits="0"/><line number="112" hits="0"/><line number="115" hits="0"/><line number="118" hits="0"/><line number="122" hits="1"/><line number="123" hits="1"/><line number="124" hits="1"/><line number="125" hits="2"/><line number="126" hits="1"/><line number="129" hits="1"/><line number="130" hits="1"/><line number="131" hits="2"/><line number="132" hits="1"/><line number="133" hits="1"/><line number="134" hits="2"/><line number="135" hits="1"/><line number="139" hits="0"/><line number="140" hits="0"/><line number="141" hits="0"/><line number="145" hits="1"/><line number="146" hits="2"/><line number="147" hits="1"/><line number="148" hits="1"/><line number="151" hits="1"/><line number="153" hits="1"/><line number="154" hits="0"/><line number="157" hits="1"/><line number="159" hits="2"/><line number="162" hits="1"/><line number="163" hits="1"/><line number="165" hits="2"/><line number="166" hits="1"/><line number="169" hits="0"/><line number="172" hits="2"/><line number="173" hits="2"/><line number="174" hits="2"/><line number="175" hits="1"/><line number="176" hits="2"/><line number="177" hits="1"/></lines></class><class name="encoding" filename="crates/chia-sdk-offers/src/encoding.rs" line-rate="0" branch-rate="0" complexity="0"><methods/><lines><line number="21" hits="0"/><line number="22" hits="0"/><line number="24" hits="0"/><line number="25" hits="0"/><line number="28" hits="0"/><line number="29" hits="0"/><line number="32" hits="0"/><line number="36" hits="0"/><line number="37" hits="0"/><line number="41" hits="0"/></lines></class><class name="offer" filename="crates/chia-sdk-offers/src/offer.rs" line-rate="0.24" branch-rate="0" complexity="0"><methods/><lines><line number="17" hits="1"/><line number="29" hits="0"/><line number="33" hits="0"/><line number="34" hits="0"/><line number="36" hits="0"/><line number="37" hits="0"/><line number="38" hits="0"/><line number="42" hits="0"/><line number="43" hits="0"/><line number="45" hits="0"/><line number="48" hits="0"/><line number="49" hits="0"/><line number="50" hits="0"/><line number="51" hits="0"/><line number="55" hits="0"/><line number="56" hits="0"/><line number="58" hits="0"/><line number="59" hits="0"/><line number="60" hits="0"/><line number="63" hits="0"/><line number="66" hits="1"/><line number="70" hits="1"/><line number="71" hits="1"/><line number="74" hits="1"/><line number="75" hits="1"/></lines></class><class name="offer_builder" filename="crates/chia-sdk-offers/src/offer_builder.rs" line-rate="0.5283018867924528" branch-rate="0" complexity="0"><methods/><lines><line number="32" hits="0"/><line number="34" hits="0"/><line number="35" hits="0"/><line number="36" hits="0"/><line number="38" hits="0"/><line number="51" hits="1"/><line number="52" hits="1"/><line number="55" hits="1"/><line number="58" hits="1"/><line number="62" hits="0"/><line number="63" hits="0"/><line number="66" hits="1"/><line number="71" hits="2"/><line number="72" hits="2"/><line number="75" hits="0"/><line number="81" hits="0"/><line number="82" hits="0"/><line number="84" hits="0"/><line number="86" hits="0"/><line number="89" hits="0"/><line number="101" hits="0"/><line number="102" hits="0"/><line number="103" hits="0"/><line number="104" hits="0"/><line number="105" hits="0"/><line number="109" hits="0"/><line number="118" hits="0"/><line number="127" hits="0"/><line number="130" hits="0"/><line number="131" hits="0"/><line number="132" hits="0"/><line number="135" hits="0"/><line number="138" hits="1"/><line number="147" hits="2"/><line number="148" hits="2"/><line number="149" hits="1"/><line number="152" hits="1"/><line number="156" hits="3"/><line number="157" hits="1"/><line number="159" hits="1"/><line number="161" hits="1"/><line number="162" hits="1"/><line number="165" hits="1"/><line number="168" hits="1"/><line number="171" hits="1"/><line number="173" hits="1"/><line number="174" hits="1"/><line number="178" hits="1"/><line number="183" hits="1"/><line number="184" hits="1"/><line number="191" hits="1"/><line number="192" hits="2"/><line number="193" hits="1"/></lines></class><class name="requested_payments" filename="crates/chia-sdk-offers/src/requested_payments.rs" line-rate="0" branch-rate="0" complexity="0"><methods/><lines><line number="6" hits="0"/><line number="10" hits="0"/><line number="11" hits="0"/><line number="14" hits="0"/><line number="15" hits="0"/><line number="18" hits="0"/><line number="19" hits="0"/><line number="20" hits="0"/><line number="21" hits="0"/><line number="24" hits="0"/><line number="25" hits="0"/><line number="27" hits="0"/><line number="30" hits="0"/><line number="38" hits="0"/><line number="39" hits="0"/><line number="40" hits="0"/><line number="41" hits="0"/><line number="43" hits="0"/><line number="44" hits="0"/><line number="45" hits="0"/><line number="46" hits="0"/></lines></class><class name="settlement" filename="crates/chia-sdk-offers/src/settlement.rs" line-rate="1" branch-rate="0" complexity="0"><methods/><lines><line number="12" hits="1"/><line number="16" hits="1"/><line number="17" hits="2"/><line number="18" hits="2"/><line number="19" hits="1"/><line number="21" hits="1"/><line number="24" hits="1"/><line number="25" hits="1"/><line number="26" hits="2"/><line number="27" hits="2"/><line number="28" hits="2"/><line number="29" hits="1"/></lines></class></classes></package><package name="crates/chia-sdk-driver/src/puzzles" line-rate="0.8941176470588236" branch-rate="0" complexity="0"><classes></classes></package><package name="crates/chia-sdk-driver/src" line-rate="0.5322434150772025" branch-rate="0" complexity="0"><classes><class name="conditions" filename="crates/chia-sdk-driver/src/conditions.rs" line-rate="0.5833333333333334" branch-rate="0" complexity="0"><methods/><lines><line number="27" hits="2"/><line number="28" hits="2"/><line number="31" hits="2"/><line number="32" hits="2"/><line number="33" hits="2"/><line number="36" hits="1"/><line number="37" hits="1"/><line number="38" hits="1"/><line number="41" hits="1"/><line number="42" hits="1"/><line number="43" hits="1"/><line number="46" hits="0"/><line number="47" hits="0"/><line number="50" hits="2"/><line number="51" hits="2"/><line number="54" hits="1"/><line number="55" hits="2"/><line number="62" hits="1"/><line number="63" hits="2"/><line number="64" hits="1"/><line number="68" hits="1"/><line number="69" hits="2"/><line number="70" hits="1"/><line number="74" hits="4"/><line number="75" hits="4"/><line number="76" hits="4"/><line number="77" hits="4"/><line number="78" hits="3"/><line number="81" hits="1"/><line number="82" hits="2"/><line number="83" hits="1"/><line number="87" hits="2"/><line number="88" hits="4"/><line number="89" hits="2"/><line number="98" hits="0"/><line number="99" hits="0"/><line number="100" hits="0"/><line number="101" hits="0"/><line number="104" hits="0"/><line number="105" hits="0"/><line number="106" hits="0"/><line number="110" hits="0"/><line number="111" hits="0"/><line number="112" hits="0"/><line number="116" hits="0"/><line number="117" hits="0"/><line number="118" hits="0"/><line number="122" hits="0"/><line number="123" hits="0"/><line number="124" hits="0"/><line number="128" hits="0"/><line number="129" hits="0"/><line number="130" hits="0"/><line number="134" hits="0"/><line number="135" hits="0"/><line number="136" hits="0"/><line number="140" hits="0"/><line number="141" hits="0"/><line number="146" hits="0"/><line number="147" hits="0"/><line number="152" hits="2"/><line number="157" hits="4"/><line number="159" hits="2"/><line number="161" hits="2"/><line number="164" hits="4"/><line number="166" hits="2"/><line number="171" hits="0"/><line number="172" hits="0"/><line number="180" hits="1"/><line number="181" hits="1"/><line number="186" hits="2"/><line number="190" hits="2"/></lines></class><class name="puzzle" filename="crates/chia-sdk-driver/src/puzzle.rs" line-rate="0.3142857142857143" branch-rate="0" complexity="0"><methods/><lines><line number="12" hits="1"/><line number="13" hits="2"/><line number="14" hits="2"/><line number="15" hits="0"/><line number="16" hits="0"/><line number="17" hits="0"/><line number="24" hits="0"/><line number="25" hits="0"/><line number="26" hits="0"/><line number="27" hits="0"/><line number="31" hits="0"/><line number="32" hits="0"/><line number="33" hits="0"/><line number="34" hits="0"/><line number="38" hits="0"/><line number="39" hits="0"/><line number="40" hits="0"/><line number="41" hits="0"/><line number="45" hits="0"/><line number="46" hits="0"/><line number="49" hits="0"/><line number="50" hits="0"/><line number="53" hits="1"/><line number="54" hits="1"/><line number="55" hits="1"/><line number="56" hits="0"/><line number="60" hits="0"/><line number="61" hits="0"/><line number="62" hits="0"/><line number="63" hits="0"/><line number="77" hits="1"/><line number="78" hits="1"/><line number="79" hits="1"/><line number="82" hits="1"/><line number="86" hits="1"/></lines></class><class name="spend" filename="crates/chia-sdk-driver/src/spend.rs" line-rate="1" branch-rate="0" complexity="0"><methods/><lines><line number="11" hits="2"/><line number="15" hits="2"/><line number="16" hits="2"/><line number="19" hits="2"/><line number="20" hits="2"/></lines></class><class name="spend_context" filename="crates/chia-sdk-driver/src/spend_context.rs" line-rate="0.75" branch-rate="0" complexity="0"><methods/><lines><line number="42" hits="2"/><line number="43" hits="2"/><line number="47" hits="1"/><line number="52" hits="1"/><line number="57" hits="0"/><line number="58" hits="0"/><line number="62" hits="2"/><line number="63" hits="2"/><line number="67" hits="2"/><line number="68" hits="2"/><line number="72" hits="2"/><line number="73" hits="2"/><line number="74" hits="4"/><line number="75" hits="4"/><line number="76" hits="2"/><line number="80" hits="16"/><line number="84" hits="16"/><line number="88" hits="2"/><line number="92" hits="3"/><line number="96" hits="2"/><line number="97" hits="2"/><line number="101" hits="1"/><line number="104" hits="1"/><line number="109" hits="1"/><line number="113" hits="6"/><line number="117" hits="6"/><line number="118" hits="12"/><line number="122" hits="2"/><line number="123" hits="2"/><line number="127" hits="1"/><line number="128" hits="1"/><line number="132" hits="1"/><line number="133" hits="1"/><line number="137" hits="1"/><line number="138" hits="1"/><line number="145" hits="1"/><line number="146" hits="1"/><line number="153" hits="1"/><line number="154" hits="1"/><line number="158" hits="1"/><line number="159" hits="1"/><line number="163" hits="1"/><line number="164" hits="1"/><line number="168" hits="0"/><line number="169" hits="0"/><line number="173" hits="1"/><line number="174" hits="1"/><line number="181" hits="1"/><line number="182" hits="1"/><line number="189" hits="1"/><line number="190" hits="1"/><line number="194" hits="0"/><line number="195" hits="0"/><line number="199" hits="0"/><line number="200" hits="0"/><line number="204" hits="2"/><line number="209" hits="6"/><line number="210" hits="2"/><line number="212" hits="4"/><line number="213" hits="2"/><line number="214" hits="2"/><line number="219" hits="2"/><line number="225" hits="2"/><line number="226" hits="2"/><line number="230" hits="1"/><line number="240" hits="4"/><line number="243" hits="2"/><line number="244" hits="0"/><line number="245" hits="1"/><line number="246" hits="1"/><line number="248" hits="0"/><line number="250" hits="2"/><line number="251" hits="1"/><line number="253" hits="1"/><line number="257" hits="1"/><line number="269" hits="1"/><line number="270" hits="1"/><line number="271" hits="2"/><line number="272" hits="0"/><line number="273" hits="0"/><line number="274" hits="0"/><line number="275" hits="0"/><line number="276" hits="0"/><line number="277" hits="0"/><line number="280" hits="1"/><line number="281" hits="1"/><line number="283" hits="0"/><line number="284" hits="2"/><line number="285" hits="0"/><line number="286" hits="0"/><line number="287" hits="0"/><line number="288" hits="0"/><line number="289" hits="0"/><line number="292" hits="1"/><line number="293" hits="1"/><line number="300" hits="0"/><line number="303" hits="0"/><line number="304" hits="0"/><line number="310" hits="1"/><line number="311" hits="1"/></lines></class></classes></package><package name="crates/chia-sdk-signer/src" line-rate="0.9841269841269841" branch-rate="0" complexity="0"><classes><class name="required_signature" filename="crates/chia-sdk-signer/src/required_signature.rs" line-rate="0.9841269841269841" branch-rate="0" complexity="0"><methods/><lines><line number="22" hits="4"/><line number="23" hits="4"/><line number="24" hits="4"/><line number="26" hits="4"/><line number="27" hits="4"/><line number="29" hits="4"/><line number="31" hits="1"/><line number="32" hits="1"/><line number="35" hits="1"/><line number="36" hits="1"/><line number="39" hits="1"/><line number="40" hits="1"/><line number="43" hits="1"/><line number="44" hits="1"/><line number="45" hits="1"/><line number="48" hits="1"/><line number="49" hits="1"/><line number="50" hits="1"/><line number="53" hits="1"/><line number="54" hits="1"/><line number="57" hits="1"/><line number="59" hits="1"/><line number="60" hits="1"/><line number="61" hits="1"/><line number="65" hits="4"/><line number="67" hits="4"/><line number="68" hits="8"/><line number="69" hits="4"/><line number="78" hits="2"/><line number="85" hits="5"/><line number="90" hits="5"/><line number="91" hits="10"/><line number="92" hits="10"/><line number="94" hits="5"/><line number="96" hits="10"/><line number="97" hits="8"/><line number="101" hits="6"/><line number="102" hits="0"/><line number="105" hits="6"/><line number="108" hits="5"/><line number="114" hits="5"/><line number="119" hits="5"/><line number="120" hits="15"/><line number="121" hits="10"/><line number="123" hits="5"/><line number="127" hits="4"/><line number="128" hits="4"/><line number="132" hits="1"/><line number="133" hits="1"/><line number="137" hits="1"/><line number="138" hits="1"/><line number="142" hits="1"/><line number="143" hits="1"/><line number="147" hits="4"/><line number="148" hits="4"/><line number="149" hits="4"/><line number="150" hits="4"/><line number="151" hits="8"/><line number="153" hits="4"/><line number="157" hits="1"/><line number="158" hits="1"/><line number="159" hits="3"/><line number="160" hits="1"/></lines></class></classes></package><package name="crates/chia-sdk-driver/src/layers" line-rate="0.3929471032745592" branch-rate="0" complexity="0"><classes><class name="cat_layer" filename="crates/chia-sdk-driver/src/layers/cat_layer.rs" line-rate="0" branch-rate="0" complexity="0"><methods/><lines><line number="21" hits="0"/><line number="26" hits="0"/><line number="28" hits="0"/><line number="29" hits="0"/><line number="32" hits="0"/><line number="33" hits="0"/><line number="36" hits="0"/><line number="38" hits="0"/><line number="39" hits="0"/><line number="42" hits="0"/><line number="44" hits="0"/><line number="45" hits="0"/><line number="46" hits="0"/><line number="47" hits="0"/><line number="49" hits="0"/><line number="50" hits="0"/><line number="51" hits="0"/><line number="52" hits="0"/><line number="57" hits="0"/><line number="61" hits="0"/><line number="63" hits="0"/><line number="64" hits="0"/><line number="67" hits="0"/><line number="68" hits="0"/><line number="71" hits="0"/><line number="73" hits="0"/><line number="74" hits="0"/><line number="77" hits="0"/><line number="78" hits="0"/><line number="79" hits="0"/><line number="80" hits="0"/><line number="81" hits="0"/><line number="86" hits="0"/><line number="88" hits="0"/><line number="89" hits="0"/><line number="95" hits="0"/><line number="96" hits="0"/><line number="99" hits="0"/><line number="105" hits="0"/><line number="108" hits="0"/><line number="109" hits="0"/><line number="110" hits="0"/><line number="111" hits="0"/><line number="112" hits="0"/><line number="113" hits="0"/><line number="115" hits="0"/><line number="116" hits="0"/><line number="124" hits="0"/><line number="125" hits="0"/><line number="141" hits="0"/><line number="142" hits="0"/><line number="143" hits="0"/><line number="145" hits="0"/><line number="146" hits="0"/><line number="147" hits="0"/><line number="149" hits="0"/><line number="150" hits="0"/><line number="151" hits="0"/><line number="152" hits="0"/></lines></class><class name="did_layer" filename="crates/chia-sdk-driver/src/layers/did_layer.rs" line-rate="0.4807692307692308" branch-rate="0" complexity="0"><methods/><lines><line number="35" hits="1"/><line number="40" hits="1"/><line number="42" hits="1"/><line number="43" hits="0"/><line number="46" hits="1"/><line number="47" hits="0"/><line number="50" hits="2"/><line number="51" hits="0"/><line number="53" hits="2"/><line number="54" hits="0"/><line number="56" hits="1"/><line number="59" hits="2"/><line number="60" hits="0"/><line number="61" hits="2"/><line number="62" hits="1"/><line number="63" hits="1"/><line number="64" hits="1"/><line number="65" hits="0"/><line number="66" hits="0"/><line number="75" hits="0"/><line number="77" hits="0"/><line number="78" hits="0"/><line number="81" hits="0"/><line number="82" hits="0"/><line number="85" hits="0"/><line number="86" hits="0"/><line number="88" hits="0"/><line number="89" hits="0"/><line number="90" hits="0"/><line number="91" hits="0"/><line number="92" hits="0"/><line number="93" hits="0"/><line number="94" hits="0"/><line number="95" hits="0"/><line number="100" hits="1"/><line number="101" hits="2"/><line number="102" hits="0"/><line number="103" hits="1"/><line number="104" hits="0"/><line number="107" hits="2"/><line number="110" hits="1"/><line number="118" hits="1"/><line number="119" hits="0"/><line number="122" hits="1"/><line number="128" hits="1"/><line number="129" hits="0"/><line number="131" hits="1"/><line number="132" hits="0"/><line number="141" hits="1"/><line number="144" hits="1"/><line number="157" hits="1"/><line number="166" hits="1"/></lines></class><class name="nft_ownership_layer" filename="crates/chia-sdk-driver/src/layers/nft_ownership_layer.rs" line-rate="0.48314606741573035" branch-rate="0" complexity="0"><methods/><lines><line number="31" hits="1"/><line number="36" hits="1"/><line number="38" hits="1"/><line number="39" hits="0"/><line number="42" hits="2"/><line number="43" hits="0"/><line number="46" hits="2"/><line number="47" hits="0"/><line number="48" hits="0"/><line number="50" hits="1"/><line number="51" hits="0"/><line number="54" hits="2"/><line number="55" hits="0"/><line number="58" hits="0"/><line number="59" hits="1"/><line number="60" hits="0"/><line number="63" hits="2"/><line number="64" hits="0"/><line number="65" hits="0"/><line number="66" hits="0"/><line number="69" hits="1"/><line number="70" hits="0"/><line number="73" hits="3"/><line number="74" hits="0"/><line number="76" hits="2"/><line number="77" hits="0"/><line number="78" hits="1"/><line number="79" hits="0"/><line number="81" hits="0"/><line number="82" hits="2"/><line number="83" hits="1"/><line number="84" hits="1"/><line number="85" hits="1"/><line number="86" hits="1"/><line number="87" hits="1"/><line number="96" hits="0"/><line number="98" hits="0"/><line number="99" hits="0"/><line number="102" hits="0"/><line number="103" hits="0"/><line number="106" hits="0"/><line number="107" hits="0"/><line number="109" hits="0"/><line number="110" hits="0"/><line number="113" hits="0"/><line number="114" hits="0"/><line number="115" hits="0"/><line number="118" hits="0"/><line number="119" hits="0"/><line number="122" hits="0"/><line number="123" hits="0"/><line number="125" hits="0"/><line number="126" hits="0"/><line number="127" hits="0"/><line number="128" hits="0"/><line number="129" hits="0"/><line number="130" hits="0"/><line number="131" hits="0"/><line number="132" hits="0"/><line number="137" hits="1"/><line number="139" hits="1"/><line number="142" hits="1"/><line number="148" hits="1"/><line number="149" hits="0"/><line number="152" hits="2"/><line number="155" hits="1"/><line number="162" hits="1"/><line number="163" hits="0"/><line number="166" hits="1"/><line number="172" hits="1"/><line number="176" hits="1"/><line number="177" hits="0"/><line number="185" hits="1"/><line number="187" hits="1"/><line number="188" hits="1"/><line number="189" hits="1"/><line number="190" hits="1"/><line number="191" hits="0"/><line number="193" hits="1"/><line number="199" hits="1"/><line number="204" hits="1"/><line number="205" hits="0"/><line number="207" hits="2"/><line number="208" hits="0"/><line number="210" hits="3"/><line number="211" hits="1"/><line number="213" hits="1"/><line number="214" hits="1"/><line number="218" hits="1"/></lines></class><class name="nft_state_layer" filename="crates/chia-sdk-driver/src/layers/nft_state_layer.rs" line-rate="0.44155844155844154" branch-rate="0" complexity="0"><methods/><lines><line number="24" hits="2"/><line number="29" hits="2"/><line number="31" hits="2"/><line number="32" hits="0"/><line number="35" hits="2"/><line number="36" hits="0"/><line number="39" hits="4"/><line number="40" hits="0"/><line number="42" hits="4"/><line number="43" hits="0"/><line number="46" hits="4"/><line number="47" hits="0"/><line number="49" hits="2"/><line number="51" hits="0"/><line number="52" hits="2"/><line number="53" hits="0"/><line number="55" hits="2"/><line number="56" hits="2"/><line number="57" hits="2"/><line number="60" hits="4"/><line number="61" hits="0"/><line number="62" hits="2"/><line number="63" hits="0"/><line number="65" hits="0"/><line number="66" hits="3"/><line number="67" hits="1"/><line number="68" hits="0"/><line number="69" hits="0"/><line number="78" hits="0"/><line number="80" hits="0"/><line number="81" hits="0"/><line number="84" hits="0"/><line number="85" hits="0"/><line number="88" hits="0"/><line number="89" hits="0"/><line number="91" hits="0"/><line number="92" hits="0"/><line number="95" hits="0"/><line number="96" hits="0"/><line number="97" hits="0"/><line number="98" hits="0"/><line number="99" hits="0"/><line number="100" hits="0"/><line number="105" hits="2"/><line number="106" hits="3"/><line number="107" hits="0"/><line number="108" hits="2"/><line number="109" hits="0"/><line number="112" hits="4"/><line number="115" hits="2"/><line number="122" hits="2"/><line number="123" hits="0"/><line number="126" hits="2"/><line number="132" hits="2"/><line number="136" hits="3"/><line number="137" hits="0"/><line number="146" hits="2"/><line number="149" hits="2"/><line number="189" hits="2"/><line number="194" hits="2"/><line number="195" hits="0"/><line number="197" hits="4"/><line number="198" hits="0"/><line number="200" hits="4"/><line number="201" hits="2"/><line number="202" hits="0"/><line number="204" hits="2"/><line number="206" hits="0"/><line number="207" hits="0"/><line number="208" hits="0"/><line number="210" hits="0"/><line number="212" hits="0"/><line number="213" hits="0"/><line number="215" hits="0"/><line number="216" hits="0"/><line number="217" hits="0"/><line number="222" hits="2"/></lines></class><class name="singleton_layer" filename="crates/chia-sdk-driver/src/layers/singleton_layer.rs" line-rate="0.35526315789473684" branch-rate="0" complexity="0"><methods/><lines><line number="35" hits="3"/><line number="40" hits="4"/><line number="42" hits="3"/><line number="43" hits="0"/><line number="46" hits="3"/><line number="47" hits="0"/><line number="50" hits="6"/><line number="51" hits="0"/><line number="53" hits="3"/><line number="54" hits="6"/><line number="55" hits="3"/><line number="57" hits="0"/><line number="60" hits="3"/><line number="61" hits="0"/><line number="63" hits="6"/><line number="64" hits="0"/><line number="65" hits="6"/><line number="66" hits="3"/><line number="67" hits="0"/><line number="76" hits="0"/><line number="78" hits="0"/><line number="79" hits="0"/><line number="82" hits="0"/><line number="83" hits="0"/><line number="86" hits="0"/><line number="87" hits="0"/><line number="89" hits="0"/><line number="90" hits="0"/><line number="92" hits="0"/><line number="95" hits="0"/><line number="96" hits="0"/><line number="97" hits="0"/><line number="98" hits="0"/><line number="99" hits="0"/><line number="104" hits="3"/><line number="106" hits="3"/><line number="109" hits="3"/><line number="118" hits="3"/><line number="119" hits="0"/><line number="122" hits="3"/><line number="128" hits="3"/><line number="129" hits="3"/><line number="130" hits="3"/><line number="134" hits="3"/><line number="135" hits="0"/><line number="151" hits="0"/><line number="152" hits="0"/><line number="153" hits="0"/><line number="155" hits="0"/><line number="156" hits="0"/><line number="157" hits="0"/><line number="159" hits="0"/><line number="160" hits="0"/><line number="161" hits="0"/><line number="162" hits="0"/><line number="171" hits="3"/><line number="174" hits="3"/><line number="191" hits="4"/><line number="192" hits="3"/><line number="195" hits="3"/><line number="202" hits="3"/><line number="212" hits="0"/><line number="214" hits="0"/><line number="215" hits="0"/><line number="218" hits="0"/><line number="219" hits="0"/><line number="222" hits="0"/><line number="223" hits="0"/><line number="225" hits="0"/><line number="226" hits="0"/><line number="227" hits="0"/><line number="229" hits="0"/><line number="232" hits="0"/><line number="233" hits="0"/><line number="234" hits="0"/><line number="235" hits="0"/></lines></class><class name="transparent_layer" filename="crates/chia-sdk-driver/src/layers/transparent_layer.rs" line-rate="0.6136363636363636" branch-rate="0" complexity="0"><methods/><lines><line number="21" hits="0"/><line number="28" hits="0"/><line number="30" hits="0"/><line number="31" hits="0"/><line number="35" hits="0"/><line number="36" hits="0"/><line number="37" hits="0"/><line number="44" hits="2"/><line number="49" hits="2"/><line number="50" hits="0"/><line number="51" hits="4"/><line number="52" hits="0"/><line number="55" hits="2"/><line number="56" hits="6"/><line number="57" hits="4"/><line number="58" hits="2"/><line number="59" hits="4"/><line number="60" hits="0"/><line number="63" hits="3"/><line number="65" hits="0"/><line number="67" hits="2"/><line number="68" hits="3"/><line number="71" hits="2"/><line number="73" hits="1"/><line number="77" hits="0"/><line number="81" hits="2"/><line number="82" hits="0"/><line number="85" hits="4"/><line number="86" hits="2"/><line number="87" hits="2"/><line number="88" hits="2"/><line number="92" hits="1"/><line number="93" hits="1"/><line number="94" hits="1"/><line number="98" hits="0"/><line number="102" hits="0"/><line number="103" hits="0"/><line number="104" hits="0"/><line number="108" hits="2"/><line number="109" hits="2"/><line number="112" hits="2"/><line number="117" hits="2"/><line number="122" hits="2"/><line number="123" hits="2"/></lines></class></classes></package><package name="crates/chia-sdk-test/src/simulator" line-rate="0.8548895899053628" branch-rate="0" complexity="0"><classes><class name="peer_map" filename="crates/chia-sdk-test/src/simulator/peer_map.rs" line-rate="0.75" branch-rate="0" complexity="0"><methods/><lines><line number="14" hits="45"/><line number="15" hits="15"/><line number="18" hits="0"/><line number="19" hits="0"/><line number="22" hits="20"/><line number="23" hits="39"/><line number="25" hits="21"/><line number="27" hits="14"/></lines></class><class name="simulator_config" filename="crates/chia-sdk-test/src/simulator/simulator_config.rs" line-rate="1" branch-rate="0" complexity="0"><methods/><lines><line number="13" hits="11"/><line number="15" hits="11"/></lines></class><class name="simulator_data" filename="crates/chia-sdk-test/src/simulator/simulator_data.rs" line-rate="0.968503937007874" branch-rate="0" complexity="0"><methods/><lines><line number="34" hits="4"/><line number="35" hits="5"/><line number="36" hits="5"/><line number="37" hits="3"/><line number="41" hits="1"/><line number="42" hits="1"/><line number="46" hits="4"/><line number="47" hits="4"/><line number="48" hits="4"/><line number="49" hits="4"/><line number="52" hits="4"/><line number="53" hits="4"/><line number="56" hits="1"/><line number="57" hits="2"/><line number="59" hits="3"/><line number="63" hits="2"/><line number="68" hits="2"/><line number="70" hits="6"/><line number="71" hits="4"/><line number="72" hits="1"/><line number="76" hits="2"/><line number="77" hits="2"/><line number="78" hits="4"/><line number="79" hits="1"/><line number="80" hits="1"/><line number="86" hits="4"/><line number="89" hits="1"/><line number="90" hits="3"/><line number="93" hits="1"/><line number="96" hits="2"/><line number="101" hits="6"/><line number="104" hits="2"/><line number="107" hits="1"/><line number="108" hits="2"/><line number="109" hits="1"/><line number="115" hits="1"/><line number="116" hits="1"/><line number="119" hits="1"/><line number="120" hits="2"/><line number="122" hits="3"/><line number="127" hits="2"/><line number="128" hits="2"/><line number="132" hits="4"/><line number="138" hits="8"/><line number="139" hits="1"/><line number="141" hits="1"/><line number="145" hits="3"/><line number="148" hits="6"/><line number="152" hits="6"/><line number="157" hits="3"/><line number="163" hits="6"/><line number="165" hits="14"/><line number="168" hits="10"/><line number="171" hits="10"/><line number="174" hits="10"/><line number="175" hits="0"/><line number="177" hits="0"/><line number="183" hits="5"/><line number="184" hits="5"/><line number="187" hits="5"/><line number="188" hits="5"/><line number="189" hits="10"/><line number="191" hits="6"/><line number="194" hits="1"/><line number="196" hits="1"/><line number="200" hits="5"/><line number="201" hits="5"/><line number="202" hits="5"/><line number="203" hits="5"/><line number="205" hits="15"/><line number="206" hits="5"/><line number="207" hits="5"/><line number="208" hits="5"/><line number="209" hits="5"/><line number="210" hits="5"/><line number="211" hits="5"/><line number="212" hits="5"/><line number="218" hits="10"/><line number="219" hits="21"/><line number="220" hits="5"/><line number="222" hits="5"/><line number="223" hits="5"/><line number="224" hits="5"/><line number="227" hits="5"/><line number="231" hits="4"/><line number="235" hits="4"/><line number="236" hits="2"/><line number="238" hits="2"/><line number="241" hits="4"/><line number="243" hits="12"/><line number="245" hits="4"/><line number="247" hits="4"/><line number="249" hits="5"/><line number="253" hits="20"/><line number="254" hits="10"/><line number="256" hits="9"/><line number="257" hits="1"/><line number="259" hits="1"/><line number="263" hits="10"/><line number="264" hits="0"/><line number="266" hits="0"/><line number="270" hits="5"/><line number="274" hits="5"/><line number="275" hits="5"/><line number="276" hits="5"/><line number="277" hits="10"/><line number="278" hits="3"/><line number="279" hits="5"/><line number="281" hits="13"/><line number="284" hits="6"/><line number="288" hits="7"/><line number="291" hits="17"/><line number="292" hits="3"/><line number="294" hits="6"/><line number="300" hits="6"/><line number="306" hits="7"/><line number="307" hits="2"/><line number="310" hits="1"/><line number="312" hits="1"/><line number="313" hits="3"/><line number="317" hits="6"/><line number="318" hits="4"/><line number="319" hits="2"/><line number="321" hits="2"/><line number="325" hits="5"/><line number="329" hits="6"/><line number="332" hits="4"/></lines></class><class name="ws_connection" filename="crates/chia-sdk-test/src/simulator/ws_connection.rs" line-rate="0.7777777777777778" branch-rate="0" complexity="0"><methods/><lines><line number="31" hits="10"/><line number="38" hits="15"/><line number="39" hits="15"/><line number="41" hits="10"/><line number="43" hits="35"/><line number="44" hits="34"/><line number="45" hits="20"/><line number="46" hits="0"/><line number="52" hits="26"/><line number="53" hits="3"/><line number="54" hits="3"/><line number="55" hits="0"/><line number="56" hits="0"/><line number="61" hits="6"/><line number="64" hits="0"/><line number="69" hits="0"/><line number="72" hits="3"/><line number="80" hits="12"/><line number="81" hits="12"/><line number="83" hits="10"/><line number="85" hits="6"/><line number="86" hits="7"/><line number="87" hits="4"/><line number="90" hits="2"/><line number="91" hits="2"/><line number="92" hits="1"/><line number="95" hits="4"/><line number="96" hits="4"/><line number="97" hits="2"/><line number="100" hits="2"/><line number="101" hits="2"/><line number="102" hits="1"/><line number="105" hits="2"/><line number="106" hits="2"/><line number="107" hits="1"/><line number="110" hits="2"/><line number="111" hits="2"/><line number="112" hits="1"/><line number="115" hits="2"/><line number="116" hits="2"/><line number="117" hits="1"/><line number="119" hits="0"/><line number="120" hits="0"/><line number="127" hits="4"/><line number="131" hits="4"/><line number="133" hits="4"/><line number="136" hits="3"/><line number="142" hits="4"/><line number="144" hits="4"/><line number="145" hits="4"/><line number="146" hits="1"/><line number="147" hits="3"/><line number="149" hits="2"/><line number="150" hits="2"/><line number="151" hits="0"/><line number="154" hits="4"/><line number="155" hits="2"/><line number="157" hits="2"/><line number="159" hits="0"/><line number="160" hits="2"/><line number="164" hits="8"/><line number="169" hits="8"/><line number="177" hits="4"/><line number="178" hits="21"/><line number="180" hits="14"/><line number="187" hits="6"/><line number="199" hits="9"/><line number="202" hits="16"/><line number="203" hits="0"/><line number="207" hits="1"/><line number="212" hits="2"/><line number="214" hits="3"/><line number="217" hits="2"/><line number="218" hits="1"/><line number="219" hits="1"/><line number="220" hits="1"/><line number="221" hits="1"/><line number="225" hits="2"/><line number="227" hits="2"/><line number="228" hits="1"/><line number="229" hits="1"/><line number="230" hits="1"/><line number="232" hits="0"/><line number="236" hits="2"/><line number="241" hits="4"/><line number="243" hits="6"/><line number="244" hits="2"/><line number="246" hits="3"/><line number="247" hits="1"/><line number="248" hits="1"/><line number="249" hits="1"/><line number="250" hits="1"/><line number="254" hits="4"/><line number="256" hits="4"/><line number="257" hits="2"/><line number="258" hits="2"/><line number="259" hits="2"/><line number="261" hits="0"/><line number="265" hits="1"/><line number="270" hits="1"/><line number="271" hits="1"/><line number="276" hits="2"/><line number="277" hits="0"/><line number="280" hits="1"/><line number="281" hits="0"/><line number="284" hits="4"/><line number="285" hits="0"/><line number="289" hits="1"/><line number="293" hits="2"/><line number="294" hits="0"/><line number="298" hits="1"/><line number="304" hits="2"/><line number="305" hits="0"/><line number="306" hits="3"/><line number="308" hits="0"/><line number="309" hits="0"/><line number="313" hits="2"/><line number="314" hits="2"/><line number="315" hits="1"/><line number="317" hits="1"/><line number="318" hits="0"/><line number="319" hits="0"/><line number="320" hits="0"/><line number="325" hits="3"/><line number="328" hits="2"/><line number="329" hits="1"/><line number="330" hits="1"/><line number="331" hits="1"/><line number="332" hits="1"/><line number="336" hits="1"/><line number="337" hits="0"/><line number="340" hits="3"/><line number="341" hits="1"/><line number="342" hits="1"/><line number="344" hits="0"/><line number="348" hits="1"/><line number="354" hits="2"/><line number="355" hits="0"/><line number="356" hits="3"/><line number="358" hits="0"/><line number="359" hits="0"/><line number="363" hits="2"/><line number="364" hits="2"/><line number="365" hits="1"/><line number="367" hits="1"/><line number="368" hits="0"/><line number="370" hits="0"/><line number="371" hits="0"/><line number="372" hits="0"/><line number="377" hits="2"/><line number="379" hits="5"/><line number="380" hits="1"/><line number="382" hits="2"/><line number="383" hits="2"/><line number="384" hits="0"/><line number="387" hits="2"/><line number="388" hits="0"/><line number="391" hits="1"/><line number="392" hits="1"/><line number="393" hits="1"/><line number="394" hits="1"/><line number="396" hits="1"/><line number="397" hits="1"/><line number="400" hits="3"/><line number="401" hits="0"/><line number="403" hits="0"/><line number="405" hits="1"/><line number="408" hits="1"/><line number="409" hits="0"/><line number="410" hits="0"/><line number="412" hits="0"/><line number="416" hits="1"/><line number="417" hits="0"/><line number="420" hits="2"/><line number="422" hits="3"/><line number="424" hits="1"/><line number="425" hits="1"/><line number="426" hits="1"/><line number="427" hits="1"/><line number="429" hits="0"/></lines></class></classes></package><package name="src" line-rate="0.7425742574257426" branch-rate="0" complexity="0"><classes><class name="address" filename="src/address.rs" line-rate="0.9629629629629629" branch-rate="0" complexity="0"><methods/><lines><line number="34" hits="1"/><line number="35" hits="2"/><line number="36" hits="5"/><line number="37" hits="6"/><line number="38" hits="5"/><line number="42" hits="2"/><line number="43" hits="2"/><line number="44" hits="0"/><line number="46" hits="2"/><line number="51" hits="2"/><line number="52" hits="3"/><line number="54" hits="3"/><line number="55" hits="1"/><line number="58" hits="2"/><line number="59" hits="2"/><line number="60" hits="2"/><line number="62" hits="1"/><line number="64" hits="1"/><line number="68" hits="1"/><line number="69" hits="2"/><line number="74" hits="1"/><line number="78" hits="2"/><line number="79" hits="3"/><line number="80" hits="1"/><line number="81" hits="5"/><line number="82" hits="1"/><line number="84" hits="1"/></lines></class><class name="coin_selection" filename="src/coin_selection.rs" line-rate="0.6621621621621622" branch-rate="0" complexity="0"><methods/><lines><line number="26" hits="3"/><line number="30" hits="3"/><line number="33" hits="6"/><line number="34" hits="1"/><line number="38" hits="4"/><line number="40" hits="3"/><line number="42" hits="2"/><line number="43" hits="1"/><line number="47" hits="4"/><line number="50" hits="2"/><line number="51" hits="1"/><line number="52" hits="0"/><line number="56" hits="1"/><line number="57" hits="1"/><line number="59" hits="3"/><line number="60" hits="1"/><line number="62" hits="2"/><line number="63" hits="1"/><line number="64" hits="1"/><line number="69" hits="1"/><line number="70" hits="0"/><line number="74" hits="1"/><line number="75" hits="0"/><line number="79" hits="1"/><line number="81" hits="1"/><line number="82" hits="1"/><line number="87" hits="2"/><line number="91" hits="0"/><line number="93" hits="0"/><line number="94" hits="0"/><line number="96" hits="0"/><line number="101" hits="0"/><line number="102" hits="0"/><line number="106" hits="0"/><line number="109" hits="0"/><line number="110" hits="0"/><line number="111" hits="0"/><line number="112" hits="0"/><line number="113" hits="0"/><line number="114" hits="0"/><line number="116" hits="0"/><line number="117" hits="0"/><line number="123" hits="0"/><line number="124" hits="0"/><line number="125" hits="0"/><line number="127" hits="0"/><line number="128" hits="0"/><line number="129" hits="0"/><line number="136" hits="1"/><line number="143" hits="1"/><line number="144" hits="1"/><line number="146" hits="2"/><line number="147" hits="1"/><line number="148" hits="1"/><line number="149" hits="1"/><line number="151" hits="3"/><line number="152" hits="1"/><line number="156" hits="1"/><line number="157" hits="1"/><line number="158" hits="1"/><line number="160" hits="2"/><line number="164" hits="2"/><line number="168" hits="1"/><line number="169" hits="1"/><line number="171" hits="1"/><line number="172" hits="1"/><line number="175" hits="1"/><line number="176" hits="1"/><line number="178" hits="1"/><line number="179" hits="1"/><line number="180" hits="1"/><line number="182" hits="1"/><line number="183" hits="2"/><line number="190" hits="0"/></lines></class></classes></package><package name="crates/chia-sdk-types/src/conditions" line-rate="0.3695652173913043" branch-rate="0" complexity="0"><classes><class name="agg_sig" filename="crates/chia-sdk-types/src/conditions/agg_sig.rs" line-rate="0.1111111111111111" branch-rate="0" complexity="0"><methods/><lines><line number="14" hits="0"/><line number="49" hits="0"/><line number="69" hits="0"/><line number="89" hits="0"/><line number="109" hits="0"/><line number="129" hits="0"/><line number="149" hits="0"/><line number="169" hits="0"/><line number="189" hits="1"/></lines></class><class name="announcements" filename="crates/chia-sdk-types/src/conditions/announcements.rs" line-rate="1" branch-rate="0" complexity="0"><methods/><lines><line number="16" hits="1"/><line number="32" hits="1"/><line number="48" hits="1"/><line number="64" hits="2"/><line number="69" hits="1"/><line number="70" hits="1"/><line number="71" hits="1"/><line number="72" hits="1"/><line number="73" hits="1"/></lines></class><class name="coin_info" filename="crates/chia-sdk-types/src/conditions/coin_info.rs" line-rate="0" branch-rate="0" complexity="0"><methods/><lines><line number="45" hits="0"/><line number="61" hits="0"/><line number="77" hits="0"/></lines></class><class name="concurrent" filename="crates/chia-sdk-types/src/conditions/concurrent.rs" line-rate="0" branch-rate="0" complexity="0"><methods/><lines><line number="15" hits="0"/><line number="31" hits="0"/><line number="46" hits="0"/><line number="47" hits="0"/></lines></class><class name="output" filename="crates/chia-sdk-types/src/conditions/output.rs" line-rate="0.8333333333333334" branch-rate="0" complexity="0"><methods/><lines><line number="18" hits="4"/><line number="19" hits="4"/><line number="22" hits="4"/><line number="30" hits="2"/><line number="31" hits="2"/><line number="46" hits="0"/></lines></class><class name="puzzles" filename="crates/chia-sdk-types/src/conditions/puzzles.rs" line-rate="0.2857142857142857" branch-rate="0" complexity="0"><methods/><lines><line number="18" hits="0"/><line number="35" hits="0"/><line number="56" hits="1"/><line number="75" hits="0"/><line number="76" hits="0"/><line number="93" hits="1"/><line number="114" hits="0"/></lines></class><class name="time" filename="crates/chia-sdk-types/src/conditions/time.rs" line-rate="0" branch-rate="0" complexity="0"><methods/><lines><line number="14" hits="0"/><line number="30" hits="0"/><line number="46" hits="0"/><line number="62" hits="0"/><line number="78" hits="0"/><line number="94" hits="0"/><line number="110" hits="0"/><line number="126" hits="0"/></lines></class></classes></package><package name="crates/chia-sdk-driver/src/puzzles/cat" line-rate="0.8941176470588236" branch-rate="0" complexity="0"><classes><class name="cat_spend" filename="crates/chia-sdk-driver/src/puzzles/cat/cat_spend.rs" line-rate="1" branch-rate="0" complexity="0"><methods/><lines><line number="28" hits="1"/><line number="31" hits="1"/><line number="35" hits="1"/><line number="42" hits="1"/><line number="48" hits="1"/><line number="51" hits="1"/><line number="52" hits="2"/><line number="53" hits="2"/><line number="55" hits="1"/><line number="57" hits="3"/><line number="59" hits="1"/><line number="60" hits="1"/><line number="61" hits="1"/><line number="62" hits="1"/><line number="66" hits="2"/><line number="67" hits="2"/><line number="69" hits="2"/><line number="71" hits="3"/><line number="73" hits="3"/><line number="74" hits="2"/><line number="75" hits="2"/><line number="78" hits="1"/><line number="79" hits="1"/><line number="82" hits="2"/><line number="83" hits="1"/><line number="85" hits="1"/><line number="87" hits="1"/><line number="88" hits="1"/><line number="89" hits="1"/><line number="90" hits="1"/><line number="94" hits="2"/><line number="95" hits="1"/><line number="96" hits="1"/><line number="97" hits="1"/><line number="98" hits="1"/><line number="99" hits="1"/><line number="100" hits="1"/><line number="101" hits="1"/><line number="102" hits="1"/><line number="104" hits="2"/><line number="105" hits="1"/><line number="108" hits="2"/><line number="111" hits="1"/></lines></class><class name="issue_cat" filename="crates/chia-sdk-driver/src/puzzles/cat/issue_cat.rs" line-rate="0.7857142857142857" branch-rate="0" complexity="0"><methods/><lines><line number="24" hits="1"/><line number="30" hits="2"/><line number="31" hits="1"/><line number="33" hits="1"/><line number="35" hits="2"/><line number="42" hits="1"/><line number="43" hits="1"/><line number="47" hits="1"/><line number="54" hits="2"/><line number="55" hits="1"/><line number="57" hits="1"/><line number="59" hits="2"/><line number="66" hits="1"/><line number="67" hits="1"/><line number="71" hits="1"/><line number="83" hits="2"/><line number="85" hits="1"/><line number="86" hits="1"/><line number="88" hits="1"/><line number="89" hits="0"/><line number="90" hits="1"/><line number="91" hits="1"/><line number="92" hits="0"/><line number="93" hits="0"/><line number="97" hits="2"/><line number="98" hits="1"/><line number="100" hits="1"/><line number="101" hits="0"/><line number="102" hits="1"/><line number="103" hits="1"/><line number="104" hits="1"/><line number="105" hits="1"/><line number="106" hits="0"/><line number="107" hits="0"/><line number="108" hits="0"/><line number="110" hits="0"/><line number="111" hits="0"/><line number="114" hits="2"/><line number="115" hits="2"/><line number="117" hits="1"/><line number="121" hits="1"/><line number="129" hits="1"/></lines></class></classes></package><package name="crates/chia-sdk-types/src" line-rate="0.5972222222222222" branch-rate="0" complexity="0"><classes><class name="conditions" filename="crates/chia-sdk-types/src/conditions.rs" line-rate="1" branch-rate="0" complexity="0"><methods/><lines><line number="71" hits="6"/><line number="75" hits="12"/><line number="77" hits="18"/><line number="81" hits="6"/><line number="88" hits="6"/><line number="93" hits="6"/><line number="96" hits="6"/><line number="101" hits="6"/><line number="102" hits="6"/><line number="105" hits="1"/><line number="106" hits="1"/><line number="107" hits="1"/><line number="109" hits="4"/><line number="110" hits="2"/><line number="111" hits="2"/><line number="112" hits="2"/><line number="114" hits="3"/><line number="115" hits="2"/><line number="116" hits="1"/><line number="117" hits="1"/><line number="118" hits="1"/><line number="119" hits="1"/><line number="125" hits="3"/><line number="127" hits="2"/><line number="128" hits="3"/><line number="131" hits="1"/></lines></class></classes></package><package name="crates/chia-sdk-client/src" line-rate="0" branch-rate="0" complexity="0"><classes><class name="lib" filename="crates/chia-sdk-client/src/lib.rs" line-rate="0" branch-rate="0" complexity="0"><methods/><lines><line number="26" hits="0"/><line number="27" hits="0"/><line number="28" hits="0"/><line number="29" hits="0"/><line number="30" hits="0"/><line number="34" hits="0"/><line number="35" hits="0"/><line number="36" hits="0"/><line number="37" hits="0"/><line number="38" hits="0"/><line number="43" hits="0"/><line number="44" hits="0"/><line number="46" hits="0"/><line number="47" hits="0"/><line number="53" hits="0"/></lines></class></classes></package><package name="crates/chia-sdk-driver/src/primitives" line-rate="0.542997542997543" branch-rate="0" complexity="0"><classes><class name="cat" filename="crates/chia-sdk-driver/src/primitives/cat.rs" line-rate="0" branch-rate="0" complexity="0"><methods/><lines><line number="25" hits="0"/><line number="39" hits="0"/><line number="40" hits="0"/><line number="41" hits="0"/><line number="44" hits="0"/><line number="45" hits="0"/><line number="46" hits="0"/><line number="49" hits="0"/><line number="53" hits="0"/><line number="56" hits="0"/><line number="57" hits="0"/><line number="60" hits="0"/><line number="62" hits="0"/><line number="65" hits="0"/><line number="66" hits="0"/><line number="67" hits="0"/><line number="68" hits="0"/><line number="70" hits="0"/><line number="72" hits="0"/><line number="73" hits="0"/><line number="76" hits="0"/><line number="83" hits="0"/><line number="84" hits="0"/><line number="85" hits="0"/><line number="86" hits="0"/><line number="87" hits="0"/><line number="88" hits="0"/><line number="89" hits="0"/><line number="94" hits="0"/><line number="99" hits="0"/><line number="101" hits="0"/><line number="102" hits="0"/><line number="103" hits="0"/><line number="105" hits="0"/><line number="106" hits="0"/><line number="107" hits="0"/><line number="112" hits="0"/><line number="114" hits="0"/><line number="115" hits="0"/><line number="125" hits="0"/><line number="136" hits="0"/><line number="138" hits="0"/><line number="139" hits="0"/><line number="140" hits="0"/><line number="142" hits="0"/><line number="144" hits="0"/><line number="151" hits="0"/><line number="154" hits="0"/><line number="155" hits="0"/><line number="158" hits="0"/><line number="162" hits="0"/><line number="163" hits="0"/><line number="164" hits="0"/><line number="165" hits="0"/><line number="166" hits="0"/><line number="167" hits="0"/><line number="168" hits="0"/></lines></class><class name="debug" filename="crates/chia-sdk-driver/src/primitives/debug.rs" line-rate="0" branch-rate="0" complexity="0"><methods/><lines><line number="29" hits="0"/><line number="31" hits="0"/><line number="32" hits="0"/><line number="33" hits="0"/><line number="39" hits="0"/><line number="41" hits="0"/><line number="42" hits="0"/><line number="46" hits="0"/><line number="52" hits="0"/><line number="54" hits="0"/><line number="59" hits="0"/><line number="67" hits="0"/><line number="73" hits="0"/><line number="74" hits="0"/><line number="77" hits="0"/><line number="78" hits="0"/><line number="81" hits="0"/><line number="82" hits="0"/><line number="83" hits="0"/><line number="84" hits="0"/><line number="85" hits="0"/></lines></class><class name="did" filename="crates/chia-sdk-driver/src/primitives/did.rs" line-rate="0.5540540540540541" branch-rate="0" complexity="0"><methods/><lines><line number="33" hits="1"/><line number="53" hits="1"/><line number="54" hits="1"/><line number="55" hits="1"/><line number="58" hits="0"/><line number="59" hits="0"/><line number="60" hits="0"/><line number="63" hits="1"/><line number="70" hits="2"/><line number="71" hits="0"/><line number="72" hits="0"/><line number="73" hits="0"/><line number="74" hits="2"/><line number="75" hits="0"/><line number="76" hits="0"/><line number="77" hits="0"/><line number="80" hits="0"/><line number="81" hits="0"/><line number="82" hits="0"/><line number="85" hits="1"/><line number="86" hits="0"/><line number="87" hits="2"/><line number="88" hits="2"/><line number="89" hits="1"/><line number="90" hits="1"/><line number="91" hits="1"/><line number="92" hits="0"/><line number="93" hits="1"/><line number="94" hits="1"/><line number="104" hits="0"/><line number="105" hits="0"/><line number="107" hits="0"/><line number="108" hits="0"/><line number="109" hits="0"/><line number="110" hits="0"/><line number="111" hits="0"/><line number="112" hits="0"/><line number="113" hits="0"/><line number="114" hits="0"/><line number="115" hits="0"/><line number="116" hits="0"/><line number="121" hits="1"/><line number="129" hits="1"/><line number="130" hits="1"/><line number="146" hits="1"/><line number="155" hits="1"/><line number="157" hits="2"/><line number="158" hits="2"/><line number="159" hits="0"/><line number="161" hits="1"/><line number="162" hits="0"/><line number="163" hits="1"/><line number="164" hits="0"/><line number="165" hits="1"/><line number="166" hits="1"/><line number="167" hits="1"/><line number="171" hits="2"/><line number="172" hits="0"/><line number="175" hits="1"/><line number="179" hits="1"/><line number="181" hits="1"/><line number="182" hits="1"/><line number="183" hits="3"/><line number="184" hits="1"/><line number="193" hits="1"/><line number="194" hits="1"/><line number="202" hits="0"/><line number="203" hits="0"/><line number="211" hits="1"/><line number="213" hits="1"/><line number="214" hits="1"/><line number="215" hits="1"/><line number="216" hits="1"/><line number="217" hits="0"/></lines></class><class name="did_launcher" filename="crates/chia-sdk-driver/src/primitives/did_launcher.rs" line-rate="0.75" branch-rate="0" complexity="0"><methods/><lines><line number="13" hits="1"/><line number="25" hits="1"/><line number="27" hits="1"/><line number="28" hits="1"/><line number="29" hits="0"/><line number="30" hits="0"/><line number="31" hits="1"/><line number="32" hits="1"/><line number="33" hits="0"/><line number="36" hits="2"/><line number="38" hits="1"/><line number="40" hits="1"/><line number="41" hits="1"/><line number="42" hits="1"/><line number="45" hits="1"/><line number="48" hits="1"/><line number="61" hits="2"/><line number="62" hits="1"/><line number="64" hits="1"/><line number="65" hits="2"/><line number="67" hits="2"/><line number="68" hits="0"/><line number="69" hits="0"/><line number="70" hits="1"/><line number="71" hits="0"/><line number="72" hits="0"/><line number="73" hits="1"/><line number="76" hits="1"/><line number="77" hits="0"/><line number="79" hits="1"/><line number="82" hits="1"/><line number="90" hits="1"/></lines></class><class name="intermediate_launcher" filename="crates/chia-sdk-driver/src/primitives/intermediate_launcher.rs" line-rate="0.8787878787878788" branch-rate="0" complexity="0"><methods/><lines><line number="31" hits="2"/><line number="32" hits="1"/><line number="35" hits="1"/><line number="38" hits="1"/><line number="39" hits="1"/><line number="52" hits="0"/><line number="53" hits="0"/><line number="57" hits="0"/><line number="58" hits="0"/><line number="62" hits="1"/><line number="63" hits="1"/><line number="65" hits="2"/><line number="67" hits="1"/><line number="69" hits="1"/><line number="72" hits="2"/><line number="74" hits="1"/><line number="75" hits="2"/><line number="77" hits="2"/><line number="78" hits="1"/><line number="79" hits="1"/><line number="80" hits="2"/><line number="83" hits="2"/><line number="84" hits="2"/><line number="85" hits="2"/><line number="87" hits="1"/><line number="88" hits="2"/><line number="89" hits="4"/><line number="90" hits="2"/><line number="91" hits="2"/><line number="97" hits="2"/><line number="98" hits="2"/><line number="99" hits="6"/><line number="100" hits="2"/></lines></class><class name="launcher" filename="crates/chia-sdk-driver/src/primitives/launcher.rs" line-rate="0.627906976744186" branch-rate="0" complexity="0"><methods/><lines><line number="24" hits="1"/><line number="30" hits="1"/><line number="32" hits="2"/><line number="34" hits="1"/><line number="37" hits="1"/><line number="43" hits="0"/><line number="45" hits="0"/><line number="47" hits="0"/><line number="50" hits="0"/><line number="51" hits="0"/><line number="63" hits="1"/><line number="65" hits="1"/><line number="66" hits="1"/><line number="67" hits="1"/><line number="69" hits="1"/><line number="72" hits="1"/><line number="82" hits="0"/><line number="88" hits="0"/><line number="89" hits="0"/><line number="93" hits="0"/><line number="94" hits="0"/><line number="96" hits="0"/><line number="99" hits="0"/><line number="105" hits="1"/><line number="106" hits="1"/><line number="111" hits="1"/><line number="120" hits="2"/><line number="121" hits="0"/><line number="124" hits="2"/><line number="125" hits="0"/><line number="126" hits="1"/><line number="127" hits="1"/><line number="130" hits="1"/><line number="132" hits="1"/><line number="133" hits="1"/><line number="134" hits="2"/><line number="135" hits="1"/><line number="138" hits="1"/><line number="139" hits="0"/><line number="141" hits="1"/><line number="142" hits="2"/><line number="143" hits="2"/><line number="144" hits="0"/></lines></class><class name="nft" filename="crates/chia-sdk-driver/src/primitives/nft.rs" line-rate="0.6261682242990654" branch-rate="0" complexity="0"><methods/><lines><line number="67" hits="2"/><line number="68" hits="2"/><line number="69" hits="2"/><line number="72" hits="0"/><line number="73" hits="0"/><line number="74" hits="0"/><line number="77" hits="2"/><line number="84" hits="4"/><line number="85" hits="0"/><line number="86" hits="0"/><line number="87" hits="0"/><line number="88" hits="4"/><line number="89" hits="0"/><line number="90" hits="0"/><line number="91" hits="0"/><line number="94" hits="0"/><line number="95" hits="0"/><line number="96" hits="0"/><line number="99" hits="2"/><line number="100" hits="0"/><line number="101" hits="4"/><line number="102" hits="4"/><line number="103" hits="2"/><line number="104" hits="1"/><line number="105" hits="2"/><line number="106" hits="2"/><line number="107" hits="2"/><line number="108" hits="2"/><line number="109" hits="2"/><line number="119" hits="0"/><line number="121" hits="0"/><line number="124" hits="0"/><line number="125" hits="0"/><line number="126" hits="0"/><line number="127" hits="0"/><line number="128" hits="0"/><line number="129" hits="0"/><line number="130" hits="0"/><line number="131" hits="0"/><line number="132" hits="0"/><line number="133" hits="0"/><line number="134" hits="0"/><line number="139" hits="2"/><line number="147" hits="2"/><line number="148" hits="2"/><line number="168" hits="2"/><line number="177" hits="2"/><line number="179" hits="4"/><line number="180" hits="4"/><line number="181" hits="0"/><line number="183" hits="2"/><line number="184" hits="0"/><line number="185" hits="2"/><line number="186" hits="0"/><line number="187" hits="2"/><line number="188" hits="2"/><line number="189" hits="2"/><line number="190" hits="2"/><line number="195" hits="4"/><line number="196" hits="0"/><line number="199" hits="2"/><line number="203" hits="2"/><line number="204" hits="2"/><line number="205" hits="2"/><line number="206" hits="6"/><line number="207" hits="2"/><line number="211" hits="1"/><line number="222" hits="3"/><line number="223" hits="3"/><line number="224" hits="0"/><line number="225" hits="1"/><line number="226" hits="0"/><line number="228" hits="1"/><line number="229" hits="1"/><line number="230" hits="0"/><line number="231" hits="0"/><line number="233" hits="2"/><line number="236" hits="1"/><line number="249" hits="3"/><line number="250" hits="5"/><line number="251" hits="2"/><line number="252" hits="0"/><line number="253" hits="1"/><line number="254" hits="0"/><line number="256" hits="2"/><line number="258" hits="1"/><line number="259" hits="1"/><line number="260" hits="0"/><line number="261" hits="0"/><line number="263" hits="2"/><line number="264" hits="1"/><line number="267" hits="2"/><line number="268" hits="1"/><line number="273" hits="1"/><line number="274" hits="1"/><line number="276" hits="2"/><line number="277" hits="1"/><line number="279" hits="1"/><line number="284" hits="1"/><line number="285" hits="1"/><line number="286" hits="1"/><line number="287" hits="1"/><line number="289" hits="1"/><line number="296" hits="2"/><line number="297" hits="2"/><line number="305" hits="0"/><line number="306" hits="0"/></lines></class><class name="nft_launcher" filename="crates/chia-sdk-driver/src/primitives/nft_launcher.rs" line-rate="0.825" branch-rate="0" complexity="0"><methods/><lines><line number="20" hits="2"/><line number="31" hits="2"/><line number="34" hits="2"/><line number="36" hits="2"/><line number="44" hits="9"/><line number="45" hits="4"/><line number="46" hits="0"/><line number="48" hits="2"/><line number="49" hits="2"/><line number="50" hits="2"/><line number="53" hits="2"/><line number="54" hits="2"/><line number="55" hits="2"/><line number="56" hits="0"/><line number="60" hits="2"/><line number="68" hits="2"/><line number="69" hits="0"/><line number="71" hits="6"/><line number="72" hits="2"/><line number="75" hits="2"/><line number="76" hits="2"/><line number="77" hits="2"/><line number="79" hits="4"/><line number="80" hits="0"/><line number="81" hits="0"/><line number="82" hits="2"/><line number="83" hits="2"/><line number="84" hits="0"/><line number="87" hits="4"/><line number="88" hits="3"/><line number="90" hits="2"/><line number="92" hits="6"/><line number="93" hits="10"/><line number="94" hits="2"/><line number="95" hits="1"/><line number="99" hits="2"/><line number="100" hits="2"/><line number="101" hits="8"/><line number="102" hits="2"/><line number="103" hits="0"/></lines></class></classes></package></packages></coverage>